<?xml version="1.0" encoding="UTF-8"?>
<!-- Generated by org.testng.reporters.JUnitXMLReporter -->
<testsuite ignored="0" hostname="Babitha" failures="0" tests="7" name="Test" time="44.121" errors="0" timestamp="16 Oct 2022 13:55:01 GMT">
  <testcase classname="com.NetBanking.TestCases.TC_Login_001" name="Valid" time="2.568"/>
  <testcase classname="com.NetBanking.TestCases.TC_Login_003" name="loginDDT" time="4.479"/>
  <testcase classname="com.NetBanking.TestCases.TC_Login_003" name="loginDDT" time="2.276"/>
  <testcase classname="com.NetBanking.TestCases.TC_Login_003" name="loginDDT" time="4.435"/>
  <testcase classname="com.NetBanking.TestCases.TC_Login_003" name="loginDDT" time="2.193"/>
  <testcase classname="com.NetBanking.TestCases.TC_Login_003" name="loginDDT" time="3.122"/>
  <testcase classname="com.NetBanking.TestCases.TC_Login_005" name="ValidRegister" time="2.636"/>
</testsuite> <!-- Test -->
