<?xml version="1.0" encoding="UTF-8"?>
<!-- Generated by org.testng.reporters.JUnitXMLReporter -->
<testsuite ignored="0" hostname="Babitha" failures="2" tests="7" name="Test" time="60.094" errors="0" timestamp="16 Oct 2022 23:00:49 GMT">
  <testcase classname="com.NetBanking.TestCases.TC_Login_001" name="Valid" time="16.817">
    <failure type="java.lang.AssertionError" message="expected [true] but found [false]">
      <![CDATA[java.lang.AssertionError: expected [true] but found [false]
at com.NetBanking.TestCases.TC_Login_001.Valid(TC_Login_001.java:29)
... Removed 33 stack frames]]>
    </failure>
  </testcase> <!-- Valid -->
  <testcase classname="com.NetBanking.TestCases.TC_Login_003" name="loginDDT" time="6.151"/>
  <testcase classname="com.NetBanking.TestCases.TC_Login_003" name="loginDDT" time="2.367"/>
  <testcase classname="com.NetBanking.TestCases.TC_Login_003" name="loginDDT" time="5.165"/>
  <testcase classname="com.NetBanking.TestCases.TC_Login_003" name="loginDDT" time="2.261"/>
  <testcase classname="com.NetBanking.TestCases.TC_Login_003" name="loginDDT" time="3.463"/>
  <testcase classname="com.NetBanking.TestCases.TC_Login_005" name="ValidRegister" time="2.942">
    <failure type="java.lang.AssertionError" message="null">
      <![CDATA[java.lang.AssertionError: null
at com.NetBanking.TestCases.TC_Login_005.ValidRegister(TC_Login_005.java:25)
... Removed 31 stack frames]]>
    </failure>
  </testcase> <!-- ValidRegister -->
</testsuite> <!-- Test -->
