<?xml version="1.0" encoding="UTF-8"?>
<!-- Generated by org.testng.reporters.JUnitXMLReporter -->
<testsuite ignored="0" hostname="Babitha" failures="0" tests="7" name="Test" time="43.941" errors="0" timestamp="16 Oct 2022 15:37:26 GMT">
  <testcase classname="com.NetBanking.TestCases.TC_Login_001" name="Valid" time="2.688"/>
  <testcase classname="com.NetBanking.TestCases.TC_Login_003" name="loginDDT" time="4.508"/>
  <testcase classname="com.NetBanking.TestCases.TC_Login_003" name="loginDDT" time="2.525"/>
  <testcase classname="com.NetBanking.TestCases.TC_Login_003" name="loginDDT" time="4.486"/>
  <testcase classname="com.NetBanking.TestCases.TC_Login_003" name="loginDDT" time="2.629"/>
  <testcase classname="com.NetBanking.TestCases.TC_Login_003" name="loginDDT" time="3.5"/>
  <testcase classname="com.NetBanking.TestCases.TC_Login_005" name="ValidRegister" time="3.293"/>
</testsuite> <!-- Test -->
