<?xml version="1.0" encoding="UTF-8"?>
<testng-results ignored="0" total="7" passed="7" failed="0" skipped="0">
  <reporter-output>
  </reporter-output>
  <suite started-at="2022-10-16T13:54:17Z" name="Suite" finished-at="2022-10-16T13:55:01Z" duration-ms="44121">
    <groups>
    </groups>
    <test started-at="2022-10-16T13:54:17Z" name="Test" finished-at="2022-10-16T13:55:01Z" duration-ms="44121">
      <class name="com.NetBanking.TestCases.TC_Login_005">
        <test-method is-config="true" signature="Setup(java.lang.String)[pri:0, instance:com.NetBanking.TestCases.TC_Login_005@68702e03]" started-at="2022-10-16T13:54:51Z" name="Setup" finished-at="2022-10-16T13:54:58Z" duration-ms="6863" status="PASS">
          <params>
            <param index="0">
              <value>
                <![CDATA[chrome]]>
              </value>
            </param>
          </params>
          <reporter-output>
          </reporter-output>
        </test-method> <!-- Setup -->
        <test-method signature="ValidRegister()[pri:0, instance:com.NetBanking.TestCases.TC_Login_005@68702e03]" started-at="2022-10-16T13:54:58Z" name="ValidRegister" finished-at="2022-10-16T13:55:01Z" duration-ms="2636" status="PASS">
          <reporter-output>
          </reporter-output>
        </test-method> <!-- ValidRegister -->
        <test-method is-config="true" signature="Teardown()[pri:0, instance:com.NetBanking.TestCases.TC_Login_005@68702e03]" started-at="2022-10-16T13:55:01Z" name="Teardown" finished-at="2022-10-16T13:55:01Z" duration-ms="168" status="PASS">
          <reporter-output>
          </reporter-output>
        </test-method> <!-- Teardown -->
      </class> <!-- com.NetBanking.TestCases.TC_Login_005 -->
      <class name="com.NetBanking.TestCases.TC_Login_001">
        <test-method is-config="true" signature="Setup(java.lang.String)[pri:0, instance:com.NetBanking.TestCases.TC_Login_001@5be46f9d]" started-at="2022-10-16T13:54:17Z" name="Setup" finished-at="2022-10-16T13:54:24Z" duration-ms="7220" status="PASS">
          <params>
            <param index="0">
              <value>
                <![CDATA[chrome]]>
              </value>
            </param>
          </params>
          <reporter-output>
          </reporter-output>
        </test-method> <!-- Setup -->
        <test-method signature="Valid()[pri:0, instance:com.NetBanking.TestCases.TC_Login_001@5be46f9d]" started-at="2022-10-16T13:54:24Z" name="Valid" finished-at="2022-10-16T13:54:27Z" duration-ms="2568" status="PASS">
          <reporter-output>
          </reporter-output>
        </test-method> <!-- Valid -->
        <test-method is-config="true" signature="Teardown()[pri:0, instance:com.NetBanking.TestCases.TC_Login_001@5be46f9d]" started-at="2022-10-16T13:54:27Z" name="Teardown" finished-at="2022-10-16T13:54:27Z" duration-ms="149" status="PASS">
          <reporter-output>
          </reporter-output>
        </test-method> <!-- Teardown -->
      </class> <!-- com.NetBanking.TestCases.TC_Login_001 -->
      <class name="com.NetBanking.TestCases.TC_Login_003">
        <test-method is-config="true" signature="Setup(java.lang.String)[pri:0, instance:com.NetBanking.TestCases.TC_Login_003@3f91b517]" started-at="2022-10-16T13:54:27Z" name="Setup" finished-at="2022-10-16T13:54:33Z" duration-ms="6323" status="PASS">
          <params>
            <param index="0">
              <value>
                <![CDATA[chrome]]>
              </value>
            </param>
          </params>
          <reporter-output>
          </reporter-output>
        </test-method> <!-- Setup -->
        <test-method signature="loginDDT(java.lang.String, java.lang.String)[pri:0, instance:com.NetBanking.TestCases.TC_Login_003@3f91b517]" started-at="2022-10-16T13:54:35Z" name="loginDDT" data-provider="TestData" finished-at="2022-10-16T13:54:39Z" duration-ms="4479" status="PASS">
          <params>
            <param index="0">
              <value>
                <![CDATA[mngr447045]]>
              </value>
            </param>
            <param index="1">
              <value>
                <![CDATA[vedUjuj]]>
              </value>
            </param>
          </params>
          <reporter-output>
          </reporter-output>
        </test-method> <!-- loginDDT -->
        <test-method signature="loginDDT(java.lang.String, java.lang.String)[pri:0, instance:com.NetBanking.TestCases.TC_Login_003@3f91b517]" started-at="2022-10-16T13:54:39Z" name="loginDDT" data-provider="TestData" finished-at="2022-10-16T13:54:41Z" duration-ms="2276" status="PASS">
          <params>
            <param index="0">
              <value>
                <![CDATA[mngr447047]]>
              </value>
            </param>
            <param index="1">
              <value>
                <![CDATA[vedUjuk]]>
              </value>
            </param>
          </params>
          <reporter-output>
          </reporter-output>
        </test-method> <!-- loginDDT -->
        <test-method signature="loginDDT(java.lang.String, java.lang.String)[pri:0, instance:com.NetBanking.TestCases.TC_Login_003@3f91b517]" started-at="2022-10-16T13:54:41Z" name="loginDDT" data-provider="TestData" finished-at="2022-10-16T13:54:46Z" duration-ms="4435" status="PASS">
          <params>
            <param index="0">
              <value>
                <![CDATA[mngr447045]]>
              </value>
            </param>
            <param index="1">
              <value>
                <![CDATA[vedUjuj]]>
              </value>
            </param>
          </params>
          <reporter-output>
          </reporter-output>
        </test-method> <!-- loginDDT -->
        <test-method signature="loginDDT(java.lang.String, java.lang.String)[pri:0, instance:com.NetBanking.TestCases.TC_Login_003@3f91b517]" started-at="2022-10-16T13:54:46Z" name="loginDDT" data-provider="TestData" finished-at="2022-10-16T13:54:48Z" duration-ms="2193" status="PASS">
          <params>
            <param index="0">
              <value>
                <![CDATA[mngr447046]]>
              </value>
            </param>
            <param index="1">
              <value>
                <![CDATA[vedUjuk]]>
              </value>
            </param>
          </params>
          <reporter-output>
          </reporter-output>
        </test-method> <!-- loginDDT -->
        <test-method signature="loginDDT(java.lang.String, java.lang.String)[pri:0, instance:com.NetBanking.TestCases.TC_Login_003@3f91b517]" started-at="2022-10-16T13:54:48Z" name="loginDDT" data-provider="TestData" finished-at="2022-10-16T13:54:51Z" duration-ms="3122" status="PASS">
          <params>
            <param index="0">
              <value>
                <![CDATA[mngr447046]]>
              </value>
            </param>
            <param index="1">
              <value>
                <![CDATA[vedUjuj]]>
              </value>
            </param>
          </params>
          <reporter-output>
          </reporter-output>
        </test-method> <!-- loginDDT -->
        <test-method is-config="true" signature="Teardown()[pri:0, instance:com.NetBanking.TestCases.TC_Login_003@3f91b517]" started-at="2022-10-16T13:54:51Z" name="Teardown" finished-at="2022-10-16T13:54:51Z" duration-ms="229" status="PASS">
          <reporter-output>
          </reporter-output>
        </test-method> <!-- Teardown -->
      </class> <!-- com.NetBanking.TestCases.TC_Login_003 -->
    </test> <!-- Test -->
  </suite> <!-- Suite -->
</testng-results>
